<?xml version="1.0" encoding="UTF-8"?>
<!-- Generated by org.testng.reporters.JUnitReportReporter -->
<testsuite hostname="JayPooja" failures="0" tests="1" name="day5_ValidateXMLResponse.ValidateDynamicXMLResponseBySavingResponseIntoParameter" time="1.039" errors="0" timestamp="2023-12-29T13:42:09 NZDT" skipped="0">
  <testcase classname="day5_ValidateXMLResponse.ValidateDynamicXMLResponseBySavingResponseIntoParameter" name="testStaticXMLResponseUsingFreeSwaggerAPI" time="1.039"/>
</testsuite> <!-- day5_ValidateXMLResponse.ValidateDynamicXMLResponseBySavingResponseIntoParameter -->
