<?xml version="1.0" encoding="UTF-8"?>
<!-- Generated by org.testng.reporters.JUnitReportReporter -->
<testsuite hostname="JayPooja" failures="0" tests="2" name="day3_pathParameter_and_queryParameter.CookiesAndHeaders" time="0.577" errors="0" timestamp="2023-12-29T13:42:09 NZDT" skipped="0">
  <testcase classname="day3_pathParameter_and_queryParameter.CookiesAndHeaders" name="CookiesAndHeadersTest" time="0.322"/>
  <testcase classname="day3_pathParameter_and_queryParameter.CookiesAndHeaders" name="CookiesAndHeadersInfoTest" time="0.255"/>
</testsuite> <!-- day3_pathParameter_and_queryParameter.CookiesAndHeaders -->
