<?xml version="1.0" encoding="UTF-8"?>
<!-- Generated by org.testng.reporters.JUnitReportReporter -->
<testsuite hostname="JayPooja" failures="0" tests="1" name="day7_AuthenticationAuthorisation.FakerDataGenerator" time="0.152" errors="0" timestamp="2023-12-29T13:42:09 NZDT" skipped="0">
  <testcase classname="day7_AuthenticationAuthorisation.FakerDataGenerator" name="testGenarateFakeData" time="0.152"/>
</testsuite> <!-- day7_AuthenticationAuthorisation.FakerDataGenerator -->
