<?xml version="1.0" encoding="UTF-8"?>
<!-- Generated by org.testng.reporters.JUnitReportReporter -->
<testsuite hostname="JayPooja" failures="0" tests="1" name="day6_JSONXMLSchemaValidation_SerialisationDeserialisation.JSONSchemaValidation" time="1.553" errors="0" timestamp="2023-12-29T13:42:09 NZDT" skipped="0">
  <testcase classname="day6_JSONXMLSchemaValidation_SerialisationDeserialisation.JSONSchemaValidation" name="testJSONSchemaValidation" time="1.553"/>
</testsuite> <!-- day6_JSONXMLSchemaValidation_SerialisationDeserialisation.JSONSchemaValidation -->
