<?xml version="1.0" encoding="UTF-8"?>
<!-- Generated by org.testng.reporters.JUnitReportReporter -->
<testsuite hostname="JayPooja" failures="0" tests="1" name="day4_ValidatingJSONResponse.ValidateJsonResonseforParticularFieldValue" time="1.139" errors="0" timestamp="2023-12-05T15:27:46 NZDT" skipped="0">
  <testcase classname="day4_ValidatingJSONResponse.ValidateJsonResonseforParticularFieldValue" name="testJsonResponseforParticularFieldValue" time="1.139"/>
</testsuite> <!-- day4_ValidatingJSONResponse.ValidateJsonResonseforParticularFieldValue -->
