<?xml version="1.0" encoding="UTF-8"?>
<!-- Generated by org.testng.reporters.JUnitReportReporter -->
<testsuite hostname="JayPooja" failures="0" tests="1" name="day8_Chaining.ChainingUpdateUser" time="0.936" errors="0" timestamp="2023-12-29T13:42:09 NZDT" skipped="0">
  <testcase classname="day8_Chaining.ChainingUpdateUser" name="testUpdateUser" time="0.936"/>
</testsuite> <!-- day8_Chaining.ChainingUpdateUser -->
