<?xml version="1.0" encoding="UTF-8"?>
<!-- Generated by org.testng.reporters.JUnitReportReporter -->
<testsuite hostname="JayPooja" failures="0" tests="1" name="day6_JSONXMLSchemaValidation_SerialisationDeserialisation.SerialisationDeserialisation" time="0.938" errors="0" timestamp="2023-12-29T13:42:09 NZDT" skipped="0">
  <testcase classname="day6_JSONXMLSchemaValidation_SerialisationDeserialisation.SerialisationDeserialisation" name="PojoToJSONSerialisation" time="0.938"/>
</testsuite> <!-- day6_JSONXMLSchemaValidation_SerialisationDeserialisation.SerialisationDeserialisation -->
