<?xml version="1.0" encoding="UTF-8"?>
<!-- Generated by org.testng.reporters.JUnitReportReporter -->
<testsuite hostname="JayPooja" failures="0" tests="1" name="day3_pathParameter_and_queryParameter.HowToFetchResponseParameterAndCompare" time="5.845" errors="0" timestamp="2023-12-05T13:17:58 NZDT" skipped="0">
  <testcase classname="day3_pathParameter_and_queryParameter.HowToFetchResponseParameterAndCompare" name="testJSONResponse" time="5.845"/>
</testsuite> <!-- day3_pathParameter_and_queryParameter.HowToFetchResponseParameterAndCompare -->
