<?xml version="1.0" encoding="UTF-8"?>
<!-- Generated by org.testng.reporters.JUnitReportReporter -->
<testsuite hostname="JayPooja" failures="0" tests="1" name="day8_Chaining.ChainingUsingGoRest" time="2.335" errors="0" timestamp="2023-12-13T12:49:56 NZDT" skipped="0">
  <testcase classname="day8_Chaining.ChainingUsingGoRest" name="testCreateUser" time="2.335"/>
</testsuite> <!-- day8_Chaining.ChainingUsingGoRest -->
