<?xml version="1.0" encoding="UTF-8"?>
<!-- Generated by org.testng.reporters.JUnitReportReporter -->
<testsuite hostname="JayPooja" failures="0" tests="1" name="day4_ValidatingJSONResponse.ValidateJsonResonseforParticularFieldValueUsingJSONObjectAndExtJSONFile" time="0.002" errors="0" timestamp="2023-12-29T13:42:09 NZDT" skipped="0">
  <testcase classname="day4_ValidatingJSONResponse.ValidateJsonResonseforParticularFieldValueUsingJSONObjectAndExtJSONFile" name="validateJSONFileFieldParameter" time="0.002"/>
</testsuite> <!-- day4_ValidatingJSONResponse.ValidateJsonResonseforParticularFieldValueUsingJSONObjectAndExtJSONFile -->
