<?xml version="1.0" encoding="UTF-8"?>
<!-- Generated by org.testng.reporters.JUnitReportReporter -->
<testsuite hostname="JayPooja" failures="0" tests="1" name="day4_ValidatingJSONResponse.ValidatingJSONResponse" time="6.090" errors="0" timestamp="2023-12-05T13:12:09 NZDT" skipped="0">
  <testcase classname="day4_ValidatingJSONResponse.ValidatingJSONResponse" name="testJSONResponse" time="6.090"/>
</testsuite> <!-- day4_ValidatingJSONResponse.ValidatingJSONResponse -->
