<?xml version="1.0" encoding="UTF-8"?>
<!-- Generated by org.testng.reporters.JUnitReportReporter -->
<testsuite hostname="JayPooja" failures="0" tests="1" name="day8_Chaining.ChainingGetUser" time="0.913" errors="0" timestamp="2023-12-29T13:42:09 NZDT" skipped="0">
  <testcase classname="day8_Chaining.ChainingGetUser" name="getUser" time="0.913"/>
</testsuite> <!-- day8_Chaining.ChainingGetUser -->
